<?xml version="1.0" encoding="utf-8"?><testsuites name="pytest tests"><testsuite name="pytest" errors="0" failures="0" skipped="0" tests="13" time="4.503" timestamp="2026-03-05T13:07:43.000785+00:00" hostname="agent-env-1b43cbc2-20bd-47d9-a935-b08302b0c1dd"><testcase classname="backend.tests.test_auth_and_protected_routes" name="test_signup_returns_token_and_user_shape" time="0.487" /><testcase classname="backend.tests.test_auth_and_protected_routes" name="test_signup_duplicate_email_returns_409" time="0.485" /><testcase classname="backend.tests.test_auth_and_protected_routes" name="test_login_existing_user_and_me_flow" time="0.681" /><testcase classname="backend.tests.test_auth_and_protected_routes" name="test_login_invalid_password_returns_401" time="0.631" /><testcase classname="backend.tests.test_auth_and_protected_routes" name="test_me_unauthorized_without_token" time="0.133" /><testcase classname="backend.tests.test_auth_and_protected_routes" name="test_projects_list_unauthorized_without_token" time="0.110" /><testcase classname="backend.tests.test_auth_and_protected_routes" name="test_projects_create_unauthorized_without_token" time="0.149" /><testcase classname="backend.tests.test_auth_and_protected_routes" name="test_projects_authenticated_crud_and_owner_guard" time="0.845" /><testcase classname="backend.tests.test_website_builder_api" name="test_health_ok" time="0.106" /><testcase classname="backend.tests.test_website_builder_api" name="test_create_and_get_project_persistence" time="0.409" /><testcase classname="backend.tests.test_website_builder_api" name="test_update_and_get_project_persistence" time="0.183" /><testcase classname="backend.tests.test_website_builder_api" name="test_delete_and_verify_404" time="0.140" /><testcase classname="backend.tests.test_website_builder_api" name="test_list_projects_has_summary_shape" time="0.055" /></testsuite></testsuites>